[INFO] 22:22:23:111 TP0/(17558:17558): Soy un log
[INFO] 22:26:07:603 TP0/(17743:17743): Soy un log
[INFO] 23:25:20:50 TP0/(19712:19712): Hola!! Soy un log
[INFO] 23:25:56:16 TP0/(19759:19759): Hola!! Soy un log
[INFO] 23:27:36:668 TP0/(19959:19959): Hola!! Soy un log
[INFO] 23:28:08:754 TP0/(20006:20006): Hola!! Soy un log
[INFO] 23:30:52:282 TP0/(20078:20078): Hola!! Soy un log
[INFO] 23:30:52:292 TP0/(20078:20078): Lei esto 127
[INFO] 08:32:53:12 TP0/(25269:25269): Hola!! Soy un log
[INFO] 08:32:53:13 TP0/(25269:25269): Lei esto 127
[INFO] 08:34:49:322 TP0/(25349:25349): Hola!! Soy un log
[INFO] 08:34:49:323 TP0/(25349:25349): Lei esto 127
[INFO] 08:57:44:638 TP0/(26248:26248): Hola!! Soy un log
[INFO] 08:57:44:639 TP0/(26248:26248): Lei esto 127
[INFO] 08:57:48:17 TP0/(26248:26248): 123
[INFO] 09:07:46:126 TP0/(26757:26757): Hola!! Soy un log
[INFO] 09:07:46:141 TP0/(26757:26757): Lei esto 127
[INFO] 09:07:49:879 TP0/(26757:26757): 123
[INFO] 09:07:53:150 TP0/(26757:26757): 123
[INFO] 09:07:54:604 TP0/(26757:26757): 123
[INFO] 09:07:56:875 TP0/(26757:26757): 465489798798
[INFO] 09:07:58:739 TP0/(26757:26757): 798789798
[INFO] 09:08:03:160 TP0/(26757:26757): 98798798798789798789798
[INFO] 09:10:31:397 TP0/(26757:26757): 
[INFO] 09:10:34:653 TP0/(26757:26757): kiopk単k
[INFO] 09:10:37:678 TP0/(26757:26757):  
[INFO] 09:10:39:161 TP0/(26757:26757): 
[INFO] 09:10:39:812 TP0/(26757:26757): 
[INFO] 09:10:40:104 TP0/(26757:26757): 
[INFO] 09:10:42:495 TP0/(26757:26757): lk単k単lkl単
[INFO] 09:11:47:272 TP0/(27077:27077): Hola!! Soy un log
[INFO] 09:11:47:273 TP0/(27077:27077): Lei esto 127
[INFO] 09:11:50:460 TP0/(27077:27077): 12
[INFO] 09:19:51:276 TP0/(27367:27367): Hola!! Soy un log
[INFO] 09:19:51:276 TP0/(27367:27367): Lei esto 127
[INFO] 09:19:54:670 TP0/(27367:27367): 123
[INFO] 09:19:56:458 TP0/(27367:27367): 31
[INFO] 09:20:29:674 TP0/(27421:27421): Hola!! Soy un log
[INFO] 09:20:29:677 TP0/(27421:27421): Lei esto 127
[INFO] 09:21:10:596 TP0/(27468:27468): Hola!! Soy un log
[INFO] 09:21:10:601 TP0/(27468:27468): Lei esto 127
[INFO] 09:21:13:600 TP0/(27468:27468): 456
[INFO] 09:21:15:71 TP0/(27468:27468): 46546
[INFO] 09:21:16:246 TP0/(27468:27468): 4654
[INFO] 09:21:17:637 TP0/(27468:27468): 
[INFO] 09:21:18:516 TP0/(27468:27468): 
[INFO] 09:21:36:978 TP0/(27514:27514): Hola!! Soy un log
[INFO] 09:21:36:979 TP0/(27514:27514): Lei esto 127
[INFO] 09:21:40:260 TP0/(27514:27514): 564
[INFO] 09:21:41:8 TP0/(27514:27514): 
[INFO] 09:21:41:672 TP0/(27514:27514): 
[INFO] 09:21:42:328 TP0/(27514:27514): 
[INFO] 09:21:42:496 TP0/(27514:27514): 
[INFO] 09:21:42:639 TP0/(27514:27514): 
[INFO] 09:21:42:799 TP0/(27514:27514): 
[INFO] 09:21:42:895 TP0/(27514:27514): 
[INFO] 09:21:43:32 TP0/(27514:27514): 
[INFO] 09:21:43:156 TP0/(27514:27514): 
[INFO] 09:21:43:687 TP0/(27514:27514): 
[INFO] 09:21:46:412 TP0/(27514:27514):  
[INFO] 09:21:49:923 TP0/(27514:27514): ""
[INFO] 09:25:58:912 TP0/(27674:27674): Hola!! Soy un log
[INFO] 09:25:58:926 TP0/(27674:27674): Lei esto 127
[INFO] 09:26:01:36 TP0/(27674:27674): 
[INFO] 09:26:05:642 TP0/(27674:27674): \0
[INFO] 09:26:07:38 TP0/(27674:27674): 
[INFO] 09:29:44:995 TP0/(27853:27853): Hola!! Soy un log
[INFO] 09:29:45:10 TP0/(27853:27853): Lei esto 127
[INFO] 09:29:47:205 TP0/(27853:27853): 45
[INFO] 09:29:48:460 TP0/(27853:27853): 456
[INFO] 09:30:17:199 TP0/(27897:27897): Hola!! Soy un log
[INFO] 09:30:17:203 TP0/(27897:27897): Lei esto 127
[INFO] 09:30:20:563 TP0/(27897:27897): 45646
[INFO] 09:30:21:762 TP0/(27897:27897): 45646
[INFO] 09:30:22:858 TP0/(27897:27897): 879
[INFO] 09:30:24:600 TP0/(27897:27897): /*+
[INFO] 09:30:31:494 TP0/(27897:27897): 4654
[INFO] 09:30:32:420 TP0/(27897:27897): Terminado
[INFO] 09:31:06:747 TP0/(28163:28163): Hola!! Soy un log
[INFO] 09:31:06:747 TP0/(28163:28163): Lei esto 127
[INFO] 09:31:09:736 TP0/(28163:28163): 4564
[INFO] 09:31:10:656 TP0/(28163:28163): 45646
[INFO] 09:31:11:247 TP0/(28163:28163): Terminado
[INFO] 18:56:28:499 TP0/(30565:30565): Hola!! Soy un log
[INFO] 18:56:28:522 TP0/(30565:30565): Lei esto 127
[INFO] 18:56:36:313 TP0/(30578:30578): Hola!! Soy un log
[INFO] 18:56:36:318 TP0/(30578:30578): Lei esto 127
[INFO] 18:56:46:196 TP0/(30578:30578): 456465
[INFO] 18:57:02:678 TP0/(30578:30578): sdasdasd
[INFO] 18:57:03:432 TP0/(30578:30578): asdasd
[INFO] 18:57:04:574 TP0/(30578:30578): asdasd
[INFO] 18:57:06:15 TP0/(30578:30578): asdasd
[INFO] 18:57:06:958 TP0/(30578:30578): asdasd
[INFO] 18:57:09:533 TP0/(30578:30578): Terminado
[INFO] 22:35:30:391 TP0/(5110:5110): Hola!! Soy un log
[INFO] 22:35:30:397 TP0/(5110:5110): Lei esto 127
[INFO] 22:35:37:210 TP0/(5110:5110): 4564
[INFO] 22:35:38:935 TP0/(5110:5110): 4654
[INFO] 22:35:39:897 TP0/(5110:5110): Terminado
[INFO] 13:37:58:16 TP0/(5035:5035): Hola!! Soy un log
[INFO] 13:37:58:114 TP0/(5035:5035): Lei esto 127
[INFO] 13:38:03:5 TP0/(5035:5035): 46456
[INFO] 13:38:04:212 TP0/(5035:5035): 46546546
[INFO] 13:38:04:776 TP0/(5035:5035): Terminado
[INFO] 13:38:48:83 TP0/(5055:5055): Hola!! Soy un log
[INFO] 13:38:48:96 TP0/(5055:5055): Lei esto 0
[INFO] 13:39:08:746 TP0/(5067:5067): Hola!! Soy un log
[INFO] 13:39:08:747 TP0/(5067:5067): Lei esto 127
[INFO] 13:50:07:986 TP0/(5588:5588): Hola!! Soy un log
[INFO] 13:50:07:991 TP0/(5588:5588): Lei esto 156234424
[INFO] 13:50:58:678 TP0/(5651:5651): Hola!! Soy un log
[INFO] 13:50:58:693 TP0/(5651:5651): Lei esto 127.0.0.1
[INFO] 16:19:00:454 TP0/(3876:3876): Hola!! Soy un log
[INFO] 16:19:00:459 TP0/(3876:3876): Lei esto asdasdasd
